0 info it worked if it ends with ok
1 verbose cli [ '/Users/matt/.nvm/versions/node/v5.10.1/bin/node',
1 verbose cli   '/Users/matt/.nvm/versions/node/v5.10.1/bin/npm',
1 verbose cli   'run',
1 verbose cli   'compile' ]
2 info using npm@3.8.3
3 info using node@v5.10.1
4 verbose run-script [ 'precompile', 'compile', 'postcompile' ]
5 info lifecycle react-dumb-forms@0.0.1~precompile: react-dumb-forms@0.0.1
6 silly lifecycle react-dumb-forms@0.0.1~precompile: no script for precompile, continuing
7 info lifecycle react-dumb-forms@0.0.1~compile: react-dumb-forms@0.0.1
8 verbose lifecycle react-dumb-forms@0.0.1~compile: unsafe-perm in lifecycle true
9 verbose lifecycle react-dumb-forms@0.0.1~compile: PATH: /Users/matt/.nvm/versions/node/v5.10.1/lib/node_modules/npm/bin/node-gyp-bin:/Users/matt/dev/git/react-dumb-forms/node_modules/.bin:/Users/matt/.nvm/versions/node/v5.10.1/bin:/Users/matt/.nvm/versions/node/v5.10.1/bin:/usr/local/bin:/usr/bin:/bin:/usr/sbin:/sbin:/opt/X11/bin:/Users/matt/.rvm/bin:/usr/local/opt/android-sdk/platform-tools
10 verbose lifecycle react-dumb-forms@0.0.1~compile: CWD: /Users/matt/dev/git/react-dumb-forms
11 silly lifecycle react-dumb-forms@0.0.1~compile: Args: [ '-c', 'babel --optional runtime -d src/ lib/' ]
12 silly lifecycle react-dumb-forms@0.0.1~compile: Returned: code: 2  signal: null
13 info lifecycle react-dumb-forms@0.0.1~compile: Failed to exec compile script
14 verbose stack Error: react-dumb-forms@0.0.1 compile: `babel --optional runtime -d src/ lib/`
14 verbose stack Exit status 2
14 verbose stack     at EventEmitter.<anonymous> (/Users/matt/.nvm/versions/node/v5.10.1/lib/node_modules/npm/lib/utils/lifecycle.js:239:16)
14 verbose stack     at emitTwo (events.js:100:13)
14 verbose stack     at EventEmitter.emit (events.js:185:7)
14 verbose stack     at ChildProcess.<anonymous> (/Users/matt/.nvm/versions/node/v5.10.1/lib/node_modules/npm/lib/utils/spawn.js:24:14)
14 verbose stack     at emitTwo (events.js:100:13)
14 verbose stack     at ChildProcess.emit (events.js:185:7)
14 verbose stack     at maybeClose (internal/child_process.js:850:16)
14 verbose stack     at Process.ChildProcess._handle.onexit (internal/child_process.js:215:5)
15 verbose pkgid react-dumb-forms@0.0.1
16 verbose cwd /Users/matt/dev/git/react-dumb-forms
17 error Darwin 15.4.0
18 error argv "/Users/matt/.nvm/versions/node/v5.10.1/bin/node" "/Users/matt/.nvm/versions/node/v5.10.1/bin/npm" "run" "compile"
19 error node v5.10.1
20 error npm  v3.8.3
21 error code ELIFECYCLE
22 error react-dumb-forms@0.0.1 compile: `babel --optional runtime -d src/ lib/`
22 error Exit status 2
23 error Failed at the react-dumb-forms@0.0.1 compile script 'babel --optional runtime -d src/ lib/'.
23 error Make sure you have the latest version of node.js and npm installed.
23 error If you do, this is most likely a problem with the react-dumb-forms package,
23 error not with npm itself.
23 error Tell the author that this fails on your system:
23 error     babel --optional runtime -d src/ lib/
23 error You can get information on how to open an issue for this project with:
23 error     npm bugs react-dumb-forms
23 error Or if that isn't available, you can get their info via:
23 error     npm owner ls react-dumb-forms
23 error There is likely additional logging output above.
24 verbose exit [ 1, true ]
